Arguments: 
  /usr/local/bin/node /opt/homebrew/Cellar/yarn/1.22.17_2/libexec/bin/yarn.js

PATH: 
  /opt/homebrew/bin:/opt/homebrew/sbin:/usr/local/bin:/usr/bin:/bin:/usr/sbin:/sbin:/Library/Apple/usr/bin:/Users/monicarungi/Library/Android/sdk/platform-tools:/opt/homebrew/bin:/opt/homebrew/sbin:/Users/monicarungi/Library/Android/sdk/emulator:/Users/monicarungi/Library/Android/sdk/tools:/Users/monicarungi/Library/Android/sdk/tools/bin:/Users/monicarungi/Library/Android/sdk/emulator:/Users/monicarungi/Library/Android/sdk/tools:/Users/monicarungi/Library/Android/sdk/tools/bin:/Users/monicarungi/Library/Android/sdk/platform-tools

Yarn version: 
  1.22.17

Node version: 
  16.13.2

Platform: 
  darwin arm64

Trace: 
  Error: https://registry.npmjs.org/@monicarungi-w%2ftemplate-components: Not found
      at Request.params.callback [as _callback] (/opt/homebrew/Cellar/yarn/1.22.17_2/libexec/lib/cli.js:67029:18)
      at Request.self.callback (/opt/homebrew/Cellar/yarn/1.22.17_2/libexec/lib/cli.js:140883:22)
      at Request.emit (node:events:390:28)
      at Request.<anonymous> (/opt/homebrew/Cellar/yarn/1.22.17_2/libexec/lib/cli.js:141855:10)
      at Request.emit (node:events:390:28)
      at IncomingMessage.<anonymous> (/opt/homebrew/Cellar/yarn/1.22.17_2/libexec/lib/cli.js:141777:12)
      at Object.onceWrapper (node:events:509:28)
      at IncomingMessage.emit (node:events:402:35)
      at endReadableNT (node:internal/streams/readable:1343:12)
      at processTicksAndRejections (node:internal/process/task_queues:83:21)

npm manifest: 
  {
    "name": "@MonicaRungi-w/template-components",
    "version": "0.0.3",
    "description": "React Component Library",
    "scripts": {
      "rollup": "rollup -c",
      "test": "jest",
      "storybook": "start-storybook -p 6006",
      "build-storybook": "build-storybook"
    },
    "author": "ITAUROS",
    "license": "ISC",
    "devDependencies": {
      "@types/react": "^18.0.12",
      "react": "^18.1.0",
      "typescript": "^4.7.3"
    },
    "dependencies": {
      "@rollup/plugin-commonjs": "^22.0.0",
      "@rollup/plugin-node-resolve": "^13.3.0",
      "@rollup/plugin-typescript": "^8.3.2",
      "rollup": "^2.75.6",
      "rollup-plugin-dts": "^4.2.2",
      "rollup-plugin-postcss": "^4.0.2",
      "@monicarungi-w/template-components": "0.0.3"
    },
    "main": "dist/cjs/index.js",
    "module": "dist/esm/index.js",
    "files": [
      "dist"
    ],
    "types": "dist/index.d.ts",
    "publishConfig": {
      "registry": "https://npm.pkg.github.com/MonicaRungi-w"
    }
  }

yarn manifest: 
  No manifest

Lockfile: 
  No lockfile
